<?xml version="1.0" encoding="UTF-8"?>
<!-- Generated by org.testng.reporters.JUnitReportReporter -->
<testsuite skipped="0" hostname="Target-PC" name="Shein.SheinTestAutomationMaven.Shein" tests="1" failures="0" timestamp="17 نوف 2018 14:34:11 GMT" time="0.026" errors="0">
  <testcase name="t" time="0.026" classname="Shein.SheinTestAutomationMaven.Shein"/>
</testsuite> <!-- Shein.SheinTestAutomationMaven.Shein -->
