<?xml version="1.0" encoding="UTF-8"?>
<!-- Generated by org.testng.reporters.JUnitReportReporter -->
<testsuite skipped="0" hostname="Target-PC" name="TestAutomationTasks.Shein" tests="3" failures="0" timestamp="17 نوف 2018 11:09:37 GMT" time="163.250" errors="0">
  <testcase name="invalidSignUp" time="28.767" classname="TestAutomationTasks.Shein"/>
  <testcase name="invalidSignIn" time="38.822" classname="TestAutomationTasks.Shein"/>
  <testcase name="sheinHappyScenario" time="95.661" classname="TestAutomationTasks.Shein"/>
</testsuite> <!-- TestAutomationTasks.Shein -->
