<?xml version="1.0" encoding="UTF-8"?>
<!-- Generated by org.testng.reporters.JUnitReportReporter -->
<testsuite skipped="0" hostname="Target-PC" name="Shein.SheinTestAutomationMaven.Task1" tests="1" failures="0" timestamp="17 نوف 2018 14:19:18 GMT" time="0.014" errors="0">
  <testcase name="test" time="0.014" classname="Shein.SheinTestAutomationMaven.Task1"/>
</testsuite> <!-- Shein.SheinTestAutomationMaven.Task1 -->
