<?xml version="1.0" encoding="UTF-8"?>
<!-- Generated by org.testng.reporters.JUnitReportReporter -->
<testsuite skipped="0" hostname="Target-PC" name="Shein.SheinTestAutomationMaven.AppTest" tests="1" failures="0" timestamp="17 نوف 2018 14:16:39 GMT" time="0.012" errors="0">
  <testcase name="testApp" time="0.012" classname="Shein.SheinTestAutomationMaven.AppTest"/>
</testsuite> <!-- Shein.SheinTestAutomationMaven.AppTest -->
